Retrieving project…
Deploying abdodyssey-1380s-projects/goskripsi
Uploading [--------------------] (0.0B/16.7KB)
Uploading [============--------] (10.3KB/16.7KB)
Uploading [=============-------] (10.9KB/16.7KB)
Uploading [====================] (16.7KB/16.7KB)
Inspect: https://vercel.com/abdodyssey-1380s-projects/goskripsi/9VuXCkTZDpWrUfJvphqCnyfDnjUb [3s]
Production: https://goskripsi-7vx70odfu-abdodyssey-1380s-projects.vercel.app [3s]
https://goskripsi-7vx70odfu-abdodyssey-1380s-projects.vercel.appBuilding...
Building: Running build in Washington, D.C., USA (East) – iad1
Building: Build machine configuration: 2 cores, 8 GB
Building: Retrieving list of deployment files...
Building: Downloading 261 deployment files...
Building: Restored build cache from previous deployment (Eyahz2wZ3jhrVbKmiiYR2oZ5ehWB)
Building: Running "vercel build"
Building: Vercel CLI 51.6.1
Building: Installing dependencies...
Building: Installing dependencies...
Building: up to date in 2s
Building: 294 packages are looking for funding
Building: run `npm fund` for details
Building: Detected Next.js version: 16.1.6
Building: Running "npm run build"
Building: > frontend-nextjs@0.1.0 build
Building: > next build
Building: ▲ Next.js 16.1.6 (Turbopack)
Building: - Environments: .env.production, .env
Building: Creating an optimized production build ...
Building: ✓ Compiled successfully in 33.9s
Building: Running TypeScript ...
Building: Collecting page data using 1 worker ...
Building: Generating static pages using 1 worker (0/54) ...
Building: Generating static pages using 1 worker (13/54)
Building: Generating static pages using 1 worker (26/54)
Building: Generating static pages using 1 worker (40/54)
Building: ✓ Generating static pages using 1 worker (54/54) in 1370.6ms
Building: Finalizing page optimization ...
Building: Route (app)
Building: ┌ ○ /
Building: ├ ○ /_not-found
Building: ├ ƒ /api/change-password
Building: ├ ƒ /api/dosen
Building: ├ ƒ /api/dosen/[id]
Building: ├ ƒ /api/fakultas
Building: ├ ƒ /api/jenis-ujian
Building: ├ ƒ /api/login
Building: ├ ƒ /api/mahasiswa
Building: ├ ƒ /api/mahasiswa/[id]
Building: ├ ƒ /api/mahasiswa/my/documents
Building: ├ ƒ /api/mahasiswa/my/documents/[jenis]
Building: ├ ƒ /api/me
Building: ├ ƒ /api/peminatan
Building: ├ ƒ /api/pendaftaran-ujian
Building: ├ ƒ /api/pendaftaran-ujian/[id]
Building: ├ ƒ /api/pendaftaran-ujian/[id]/review
Building: ├ ƒ /api/pendaftaran-ujian/[id]/submit
Building: ├ ƒ /api/pendaftaran-ujian/[id]/upload-revisi
Building: ├ ƒ /api/pendaftaran-ujian/mahasiswa/[id]
Building: ├ ƒ /api/perbaikan-judul
Building: ├ ƒ /api/perbaikan-judul/[id]
Building: ├ ƒ /api/perbaikan-judul/me
Building: ├ ƒ /api/prodi
Building: ├ ƒ /api/profile
Building: ├ ƒ /api/ranpel
Building: ├ ƒ /api/ranpel/[id]/export
Building: ├ ƒ /api/ranpel/mahasiswa/[id]
Building: ├ ƒ /api/ranpel/pengajuan
Building: ├ ƒ /api/ranpel/pengajuan/[id]
Building: ├ ƒ /api/roles
Building: ├ ƒ /api/ruangan
Building: ├ ƒ /api/syarat
Building: ├ ƒ /api/syarat/[id]
Building: ├ ƒ /api/syarat/jenis-ujian/[id]
Building: ├ ƒ /api/ujian
Building: ├ ƒ /api/ujian/[id]
Building: ├ ƒ /api/ujian/[id]/absensi
Building: ├ ƒ /api/ujian/[id]/finalisasi
Building: ├ ƒ /api/ujian/[id]/form-penilaian
Building: ├ ƒ /api/ujian/[id]/keputusan
Building: ├ ƒ /api/ujian/[id]/keputusan-options
Building: ├ ƒ /api/ujian/[id]/nilai-draft
Building: ├ ƒ /api/ujian/[id]/nilai-final
Building: ├ ƒ /api/ujian/[id]/print
Building: ├ ƒ /api/ujian/mahasiswa/[id]
Building: ├ ƒ /api/ujian/scheduling
Building: ├ ƒ /api/ujian/scheduling/[id]
Building: ├ ƒ /api/ujian/scheduling/[id]/form
Building: ├ ƒ /api/upload
Building: ├ ƒ /api/users
Building: ├ ƒ /api/users/[id]
Building: ├ ○ /auth/login
Building: ├ ○ /dashboard
Building: ├ ○ /dashboard/jadwal-ujian
Building: ├ ○ /dashboard/mahasiswa-bimbingan
Building: ├ ○ /dashboard/mahasiswa/jadwal-ujian
Building: ├ ○ /dashboard/mahasiswa/ujian
Building: ├ ○ /dashboard/manajemen-perbaikan-judul
Building: ├ ○ /dashboard/manajemen-ranpel
Building: ├ ○ /dashboard/master-data/dosen
Building: ├ ○ /dashboard/master-data/fakultas
Building: ├ ○ /dashboard/master-data/jenis-ujian
Building: ├ ○ /dashboard/master-data/keputusan
Building: ├ ○ /dashboard/master-data/mahasiswa
Building: ├ ○ /dashboard/master-data/peminatan
Building: ├ ○ /dashboard/master-data/prodi
Building: ├ ○ /dashboard/master-data/ruangan
Building: ├ ○ /dashboard/master-data/syarat
Building: ├ ○ /dashboard/pendaftaran-ujian
Building: ├ ○ /dashboard/pengajuan-ranpel
Building: ├ ƒ /dashboard/penguji/ujian/[ujianId]
Building: ├ ○ /dashboard/penjadwalan-ujian
Building: ├ ○ /dashboard/perbaikan-judul
Building: ├ ○ /dashboard/profile
Building: ├ ○ /dashboard/rekap-bimbingan
Building: ├ ○ /dashboard/rekapitulasi-nilai
Building: ├ ○ /dashboard/users
Building: ├ ○ /dashboard/verifikasi-pendaftaran
Building: └ ○ /dashboard/verifikasi-ranpel
Building: ○  (Static)   prerendered as static content
Building: ƒ  (Dynamic)  server-rendered on demand
Building: Traced Next.js server files in: 34.101ms
Building: Created all serverless functions in: 2.141s
Building: Collected static files (public/, static/, .next/static): 8.436ms
Building: Build Completed in /vercel/output [58s]
Building: Deploying outputs...
[2K[1A[2K[GProduction: https://goskripsi-7vx70odfu-abdodyssey-1380s-projects.vercel.app [3m]
Completing...
Aliased: https://goskripsi.vercel.app [3m]

Common next commands:
- `vercel inspect goskripsi-7vx70odfu-abdodyssey-1380s-projects.vercel.app --logs`
- `vercel redeploy goskripsi-7vx70odfu-abdodyssey-1380s-projects.vercel.app`
