Retrieving project…
Deploying abdodyssey-1380s-projects/goskripsi
Uploading [--------------------] (0.0B/68B)
Uploading [====================] (68.0B/68B)
Inspect: https://vercel.com/abdodyssey-1380s-projects/goskripsi/95dVhx5quZ4poubj5t3Ue1Hkx3qq [3s]
Preview: https://goskripsi-32idxmdbc-abdodyssey-1380s-projects.vercel.app [3s]
https://goskripsi-32idxmdbc-abdodyssey-1380s-projects.vercel.appBuilding...
Building...
Building: Running build in Washington, D.C., USA (East) – iad1
Building: Build machine configuration: 2 cores, 8 GB
Building: Retrieving list of deployment files...
Building: Previous build caches not available.
Building: Downloading 254 deployment files...
Building: Running "vercel build"
Building: Vercel CLI 51.6.1
Building: Installing dependencies...
Building: npm warn deprecated node-domexception@1.0.0: Use your platform's native DOMException instead
Building: added 1051 packages in 34s
Building: 293 packages are looking for funding
Building: run `npm fund` for details
Building: Detected Next.js version: 16.1.6
Building: Running "npm run build"
Building: > frontend-nextjs@0.1.0 build
Building: > next build
Building: Attention: Next.js now collects completely anonymous telemetry regarding usage.
Building: This information is used to shape Next.js' roadmap and prioritize features.
Building: You can learn more, including how to opt-out if you'd not like to participate in this anonymous program, by visiting the following URL:
Building: https://nextjs.org/telemetry
Building: ▲ Next.js 16.1.6 (Turbopack)
Building: - Environments: .env
Building: Creating an optimized production build ...
Building: ✓ Compiled successfully in 31.6s
Building: Running TypeScript ...
Building: Failed to compile.
Building: ./prisma/seed.ts:7:24
Building: Type error: Cannot find module '../src/utils/prisma' or its corresponding type declarations.
Building: 5 | import path from "path";
Building: 6 |
Building: >  7 | import { prisma } from "../src/utils/prisma";
Building: |                        ^
Building: 8 |
Building: 9 | async function main() {
Building: 10 |   console.log("Start seeding...");
Building: Next.js build worker exited with code: 1 and signal: null
Building: Error: Command "npm run build" exited with 1
Error: Command "npm run build" exited with 1
